<?xml version="1.0" encoding="UTF-8"?>
<testsuite name="QuadLifeTest" tests="3" skipped="0" failures="0" errors="0" timestamp="2017-03-08T18:03:24" hostname="marcskow-Inspiron-7520" time="0.003">
  <properties/>
  <testcase name="testIfThereAreExactly2AliveCells" classname="QuadLifeTest" time="0.002"/>
  <testcase name="testIfThereAreMoreThen3AliveCells" classname="QuadLifeTest" time="0.0"/>
  <testcase name="testIfThereAreExactly3AliveCells" classname="QuadLifeTest" time="0.001"/>
  <system-out><![CDATA[]]></system-out>
  <system-err><![CDATA[]]></system-err>
</testsuite>
