<?xml version="1.0" encoding="UTF-8"?>
<testsuite name="LangtonAntTest" tests="2" skipped="0" failures="0" errors="0" timestamp="2017-03-08T18:03:24" hostname="marcskow-Inspiron-7520" time="0.003">
  <properties/>
  <testcase name="nextCellStateForCellWithoutantAndNeighborOnRightWithAntComingToCell" classname="LangtonAntTest" time="0.002"/>
  <testcase name="nextCellStateForCellWithAnt" classname="LangtonAntTest" time="0.001"/>
  <system-out><![CDATA[]]></system-out>
  <system-err><![CDATA[]]></system-err>
</testsuite>
