<?xml version="1.0" encoding="UTF-8"?>
<testsuite name="ElementaryTest" tests="2" skipped="0" failures="0" errors="0" timestamp="2017-03-08T18:03:24" hostname="marcskow-Inspiron-7520" time="0.003">
  <properties/>
  <testcase name="nextCellStateForCellWithoutantAndNeighborOnRightWithAntComingToCellRule110" classname="ElementaryTest" time="0.002"/>
  <testcase name="nextCellStateAllCellsAliveRule30" classname="ElementaryTest" time="0.0"/>
  <system-out><![CDATA[]]></system-out>
  <system-err><![CDATA[]]></system-err>
</testsuite>
