<?xml version="1.0" encoding="UTF-8"?>
<testsuite name="WireWorldTest" tests="3" skipped="0" failures="0" errors="0" timestamp="2017-03-08T18:03:24" hostname="marcskow-Inspiron-7520" time="0.004">
  <properties/>
  <testcase name="nextStateForWireAndNextElectronHeadAndNextElectronTail" classname="WireWorldTest" time="0.003"/>
  <testcase name="nextStateForWireIfHeadNextTo" classname="WireWorldTest" time="0.0"/>
  <testcase name="nextStateForWireIf3HeadNextTo" classname="WireWorldTest" time="0.0"/>
  <system-out><![CDATA[]]></system-out>
  <system-err><![CDATA[]]></system-err>
</testsuite>
